<?xml version="1.0" encoding="UTF-8"?>
<!-- Generated by org.testng.reporters.JUnitReportReporter -->
<testsuite hostname="DESKTOP-U0QTH7A" failures="0" tests="1" name="com.project.testcases.Basic2Test" time="0.004" errors="0" timestamp="2020-03-28T20:30:17 IST" skipped="0">
  <testcase classname="com.project.testcases.Basic2Test" name="mainTest" time="0.004"/>
  <system-out/>
</testsuite> <!-- com.project.testcases.Basic2Test -->
